<?xml version="1.0" encoding="UTF-8"?>
<testng-results ignored="0" total="4" passed="4" failed="0" skipped="0">
  <reporter-output>
  </reporter-output>
  <suite started-at="2020-11-21T13:47:43 CST" name="Default suite" finished-at="2020-11-21T13:48:38 CST" duration-ms="55039">
    <groups>
    </groups>
    <test started-at="2020-11-21T13:47:43 CST" name="Default test" finished-at="2020-11-21T13:48:38 CST" duration-ms="55039">
      <class name="com.kobiton.testng.AndroidWebTest">
        <test-method is-config="true" signature="Setup()[pri:0, instance:com.kobiton.testng.AndroidWebTest@657c8ad9]" started-at="2020-11-21T13:47:43 CST" name="Setup" finished-at="2020-11-21T13:48:21 CST" duration-ms="38111" status="PASS">
          <reporter-output>
          </reporter-output>
        </test-method> <!-- Setup -->
        <test-method signature="testInvalidUsername()[pri:1, instance:com.kobiton.testng.AndroidWebTest@657c8ad9]" started-at="2020-11-21T13:48:21 CST" name="testInvalidUsername" description="should return error when we input wrong username" finished-at="2020-11-21T13:48:26 CST" duration-ms="4318" status="PASS">
          <reporter-output>
          </reporter-output>
        </test-method> <!-- testInvalidUsername -->
        <test-method signature="testInvalidPassword()[pri:2, instance:com.kobiton.testng.AndroidWebTest@657c8ad9]" started-at="2020-11-21T13:48:26 CST" name="testInvalidPassword" description="should return error when we input wrong password" finished-at="2020-11-21T13:48:30 CST" duration-ms="4216" status="PASS">
          <reporter-output>
          </reporter-output>
        </test-method> <!-- testInvalidPassword -->
        <test-method signature="testInvalidUserNameAndPassword()[pri:3, instance:com.kobiton.testng.AndroidWebTest@657c8ad9]" started-at="2020-11-21T13:48:30 CST" name="testInvalidUserNameAndPassword" description="should return error when we input wrong username and password" finished-at="2020-11-21T13:48:34 CST" duration-ms="3800" status="PASS">
          <reporter-output>
          </reporter-output>
        </test-method> <!-- testInvalidUserNameAndPassword -->
        <test-method signature="testLoginSuccessfully()[pri:4, instance:com.kobiton.testng.AndroidWebTest@657c8ad9]" started-at="2020-11-21T13:48:34 CST" name="testLoginSuccessfully" description="should run test successfully with correct username and password" finished-at="2020-11-21T13:48:37 CST" duration-ms="3289" status="PASS">
          <reporter-output>
          </reporter-output>
        </test-method> <!-- testLoginSuccessfully -->
        <test-method is-config="true" signature="Teardown()[pri:0, instance:com.kobiton.testng.AndroidWebTest@657c8ad9]" started-at="2020-11-21T13:48:37 CST" name="Teardown" finished-at="2020-11-21T13:48:38 CST" duration-ms="1258" status="PASS">
          <reporter-output>
          </reporter-output>
        </test-method> <!-- Teardown -->
      </class> <!-- com.kobiton.testng.AndroidWebTest -->
    </test> <!-- Default test -->
  </suite> <!-- Default suite -->
</testng-results>
