<?xml version="1.0" encoding="UTF-8"?>
<!-- Generated by org.testng.reporters.JUnitXMLReporter -->
<testsuite ignored="0" hostname="Anudeeps-MBP.grandenetworks.net" failures="0" tests="4" name="Default test" time="55.039" errors="0" timestamp="2020-11-21T13:48:38 CST">
  <testcase classname="com.kobiton.testng.AndroidWebTest" name="testInvalidUsername" time="4.318"/>
  <testcase classname="com.kobiton.testng.AndroidWebTest" name="testInvalidPassword" time="4.216"/>
  <testcase classname="com.kobiton.testng.AndroidWebTest" name="testInvalidUserNameAndPassword" time="3.8"/>
  <testcase classname="com.kobiton.testng.AndroidWebTest" name="testLoginSuccessfully" time="3.289"/>
</testsuite> <!-- Default test -->
